๐ฆ <b>ะะพะฒัะน ะทะฐะบะฐะท</b>
๐ค ะะผั: ะะฝะดัะตะน
๐ฑ ะขะตะปะตัะพะฝ: +375291472108
๐ ะะดัะตั: ะะธะฝัะบ
๐ฌ ะะพะผะผะตะฝัะฐัะธะน: ะะฟ
๐ ะะปะธะตะฝั: ะะฝะดัะตะน ะะผะตะปััะฝะพะฒ (id: 1083503320)

๐ฆ <b>ะะพะฒัะน ะทะฐะบะฐะท</b>
๐ค ะะผั: ะะฝะดัะตะน
๐ฑ ะขะตะปะตัะพะฝ: +375291472108
๐ ะะดัะตั: ะะธะฝัะบ
๐ฌ ะะพะผะผะตะฝัะฐัะธะน: ะขะตัั
๐ ะะปะธะตะฝั: ะะฝะดัะตะน ะะผะตะปััะฝะพะฒ (id: 1083503320)

๐ฆ <b>ะะพะฒัะน ะทะฐะบะฐะท</b>
๐ค ะะผั: ะะฝะดัะตะน
๐ฑ ะขะตะปะตัะพะฝ: +375291472108
๐ ะะดัะตั: ะะธะฝัะบ
๐ฌ ะะพะผะผะตะฝัะฐัะธะน: ะั
๐ ะะปะธะตะฝั: ะะฝะดัะตะน ะะผะตะปััะฝะพะฒ (id: 1083503320)

๐ฆ <b>ะะพะฒัะน ะทะฐะบะฐะท</b>
๐ค ะะผั: ะะฝะดัะตะน
๐ฑ ะขะตะปะตัะพะฝ: +375291472108
๐ ะะดัะตั: ะะธะฝัะบ
๐ฌ ะะพะผะผะตะฝัะฐัะธะน: ัะตัั
๐ ะะปะธะตะฝั: ะะฝะดัะตะน ะะผะตะปััะฝะพะฒ (id: 1083503320)

๐ฆ <b>ะะพะฒัะน ะทะฐะบะฐะท</b>
๐ค ะะผั: ะฐะฝะดัะตะน
๐ฑ ะขะตะปะตัะพะฝ: +375291472108
๐ ะะดัะตั: ะะธะฝัะบ
๐ฌ ะะพะผะผะตะฝัะฐัะธะน: ะขะตะผั
๐ ะะปะธะตะฝั: ะะฝะดัะตะน ะะผะตะปััะฝะพะฒ (id: 1083503320)

๐ฆ <b>ะะพะฒัะน ะทะฐะบะฐะท</b>
๐ค ะะผั: ะบะฐะฟั
๐ฑ ะขะตะปะตัะพะฝ: +375291472108
๐ ะะดัะตั: ะบะฟัะบ
๐ฌ ะะพะผะผะตะฝัะฐัะธะน: ะบะฟั
๐ ะะปะธะตะฝั: ะะฝะดัะตะน ะะผะตะปััะฝะพะฒ (id: 1083503320)

๐ฆ <b>ะะพะฒัะน ะทะฐะบะฐะท</b>
๐ค ะะผั: ะะฐัะฐะปะธ
๐ฑ ะขะตะปะตัะพะฝ: +375447408978
๐ ะะดัะตั: ะ. ะฎะฑะธะปะตะนะฝัะน
๐ฌ ะะพะผะผะตะฝัะฐัะธะน: ะะฑัะปัะถะธะฒะฐะฝะธะต
๐ ะะปะธะตะฝั: ะะฐัะฐะปัั ะะผะตะปััะฝะพะฒะฐ (id: 5185948718)

๐ฆ <b>ะะพะฒัะน ะทะฐะบะฐะท</b>
๐ค ะะผั: ะะตั
๐ฑ ะขะตะปะตัะพะฝ: +375654333333
๐ ะะดัะตั: ะะฟะฟัะพะปะปะดะพ
๐ฌ ะะพะผะผะตะฝัะฐัะธะน: ะะฟะฐะฐะณะป
๐ ะะปะธะตะฝั: ะะฐัะฐะปัั ะะผะตะปััะฝะพะฒะฐ (id: 5185948718)

